<?xml version="1.0" encoding="UTF-8"?>
<testng-results skipped="0" failed="0" ignored="0" total="1" passed="1">
  <reporter-output>
  </reporter-output>
  <suite name="Default suite" duration-ms="5779" started-at="2022-12-02T13:24:20 CST" finished-at="2022-12-02T13:24:26 CST">
    <groups>
    </groups>
    <test name="Default test" duration-ms="5779" started-at="2022-12-02T13:24:20 CST" finished-at="2022-12-02T13:24:26 CST">
      <class name="test.AddcontactTest">
        <test-method status="PASS" signature="UserShouldBeAbleTogotoAddContactPage()[pri:0, instance:test.AddcontactTest@167fdd33]" name="UserShouldBeAbleTogotoAddContactPage" duration-ms="5744" started-at="2022-12-02T13:24:21 CST" finished-at="2022-12-02T13:24:26 CST">
          <reporter-output>
          </reporter-output>
        </test-method> <!-- UserShouldBeAbleTogotoAddContactPage -->
      </class> <!-- test.AddcontactTest -->
    </test> <!-- Default test -->
  </suite> <!-- Default suite -->
</testng-results>
